<?xml version="1.0" encoding="UTF-8"?>
<testng-results ignored="0" total="1" passed="1" failed="0" skipped="0">
  <reporter-output>
  </reporter-output>
  <suite started-at="2023-08-11T10:34:50 IST" name="Default suite" finished-at="2023-08-11T10:35:15 IST" duration-ms="24769">
    <groups>
    </groups>
    <test started-at="2023-08-11T10:34:50 IST" name="Default test" finished-at="2023-08-11T10:35:15 IST" duration-ms="24769">
      <class name="E2ETest.LoginTest">
        <test-method is-config="true" signature="launchBrowser()[pri:0, instance:E2ETest.LoginTest@957e06]" started-at="2023-08-11T10:34:50 IST" name="launchBrowser" finished-at="2023-08-11T10:35:00 IST" duration-ms="10313" status="PASS">
          <reporter-output>
          </reporter-output>
        </test-method> <!-- launchBrowser -->
        <test-method signature="verifyUserIsLoginWithValidPassword()[pri:0, instance:E2ETest.LoginTest@957e06]" started-at="2023-08-11T10:35:02 IST" name="verifyUserIsLoginWithValidPassword" finished-at="2023-08-11T10:35:15 IST" duration-ms="13247" status="PASS">
          <reporter-output>
          </reporter-output>
        </test-method> <!-- verifyUserIsLoginWithValidPassword -->
      </class> <!-- E2ETest.LoginTest -->
    </test> <!-- Default test -->
  </suite> <!-- Default suite -->
</testng-results>
